<?xml version="1.0" encoding="UTF-8"?>
<!-- Generated by org.testng.reporters.JUnitReportReporter -->
<testsuite hostname="LAPTOP-V7M1F0GS" failures="0" tests="2" name="TestRunner.Run" time="26.532" errors="0" timestamp="2024-01-21T10:50:22 IST" skipped="0">
  <testcase classname="TestRunner.Run" name="runScenario" time="17.164"/>
  <testcase classname="TestRunner.Run" name="runScenario" time="9.368"/>
</testsuite> <!-- TestRunner.Run -->
